<?xml version="1.0" encoding="UTF-8"?>
<testng-results skipped="0" failed="1" ignored="0" total="2" passed="1">
  <reporter-output>
  </reporter-output>
  <suite name="Default suite" duration-ms="15945" started-at="2023-01-04T13:58:45 EST" finished-at="2023-01-04T13:59:01 EST">
    <groups>
    </groups>
    <test name="Default test" duration-ms="15945" started-at="2023-01-04T13:58:45 EST" finished-at="2023-01-04T13:59:01 EST">
      <class name="testcases.LoginTest">
        <test-method status="PASS" signature="beforeMethod()[pri:0, instance:testcases.LoginTest@11758f2a]" name="beforeMethod" is-config="true" duration-ms="3246" started-at="2023-01-04T13:58:45 EST" finished-at="2023-01-04T13:58:48 EST">
          <reporter-output>
          </reporter-output>
        </test-method> <!-- beforeMethod -->
        <test-method status="PASS" signature="GrammarlySuccessfull_001()[pri:0, instance:testcases.LoginTest@11758f2a]" name="GrammarlySuccessfull_001" duration-ms="4683" started-at="2023-01-04T13:58:48 EST" finished-at="2023-01-04T13:58:53 EST">
          <reporter-output>
          </reporter-output>
        </test-method> <!-- GrammarlySuccessfull_001 -->
        <test-method status="PASS" signature="afterMethod()[pri:0, instance:testcases.LoginTest@11758f2a]" name="afterMethod" is-config="true" duration-ms="870" started-at="2023-01-04T13:58:53 EST" finished-at="2023-01-04T13:58:54 EST">
          <reporter-output>
          </reporter-output>
        </test-method> <!-- afterMethod -->
        <test-method status="PASS" signature="beforeMethod()[pri:0, instance:testcases.LoginTest@11758f2a]" name="beforeMethod" is-config="true" duration-ms="2226" started-at="2023-01-04T13:58:54 EST" finished-at="2023-01-04T13:58:56 EST">
          <reporter-output>
          </reporter-output>
        </test-method> <!-- beforeMethod -->
        <test-method status="FAIL" signature="GrammarlyUnsuccessfull_002()[pri:1, instance:testcases.LoginTest@11758f2a]" name="GrammarlyUnsuccessfull_002" duration-ms="3982" started-at="2023-01-04T13:58:56 EST" finished-at="2023-01-04T13:59:00 EST">
          <exception class="org.openqa.selenium.ElementClickInterceptedException">
            <message>
              <![CDATA[element click intercepted: Element <div data-name="card/apply-insert" data-disabled="false" aria-disabled="false" data-active="false" data-hovered="false" tabindex="0" role="insertion" class="cards-replacements_labels-itemInsert fcss33e fr6laaz f1bp1u8d">...</div> is not clickable at point (950, 223). Other element would receive the click: <div class="item_f1r0xetg animate_f6bhldr" style="transform: translateY(0px); z-index: 1;">...</div>
  (Session info: chrome=108.0.5359.125)
Build info: version: '4.3.0', revision: 'a4995e2c09*'
System info: host: 'DESKTOP-QBO3JRR', ip: '192.168.2.20', os.name: 'Windows 10', os.arch: 'amd64', os.version: '10.0', java.version: '1.8.0_251'
Driver info: org.openqa.selenium.chrome.ChromeDriver
Command: [de7ddb4f56486e076347e3a7e97522df, clickElement {id=7f93110a-6d3f-4b62-90db-451847d2c746}]
Capabilities {acceptInsecureCerts: false, browserName: chrome, browserVersion: 108.0.5359.125, chrome: {chromedriverVersion: 108.0.5359.22 (ec46c90f5938..., userDataDir: C:\Users\ishaa\AppData\Loca...}, goog:chromeOptions: {debuggerAddress: localhost:61817}, networkConnectionEnabled: false, pageLoadStrategy: normal, platformName: WINDOWS, proxy: Proxy(), se:cdp: ws://localhost:61817/devtoo..., se:cdpVersion: 108.0.5359.125, setWindowRect: true, strictFileInteractability: false, timeouts: {implicit: 0, pageLoad: 300000, script: 30000}, unhandledPromptBehavior: dismiss and notify, webauthn:extension:credBlob: true, webauthn:extension:largeBlob: true, webauthn:virtualAuthenticators: true}
Element: [[ChromeDriver: chrome on WINDOWS (de7ddb4f56486e076347e3a7e97522df)] -> xpath: //div[@data-name='card/apply-insert'][1]]
Session ID: de7ddb4f56486e076347e3a7e97522df]]>
            </message>
            <full-stacktrace>
              <![CDATA[org.openqa.selenium.ElementClickInterceptedException: element click intercepted: Element <div data-name="card/apply-insert" data-disabled="false" aria-disabled="false" data-active="false" data-hovered="false" tabindex="0" role="insertion" class="cards-replacements_labels-itemInsert fcss33e fr6laaz f1bp1u8d">...</div> is not clickable at point (950, 223). Other element would receive the click: <div class="item_f1r0xetg animate_f6bhldr" style="transform: translateY(0px); z-index: 1;">...</div>
  (Session info: chrome=108.0.5359.125)
Build info: version: '4.3.0', revision: 'a4995e2c09*'
System info: host: 'DESKTOP-QBO3JRR', ip: '192.168.2.20', os.name: 'Windows 10', os.arch: 'amd64', os.version: '10.0', java.version: '1.8.0_251'
Driver info: org.openqa.selenium.chrome.ChromeDriver
Command: [de7ddb4f56486e076347e3a7e97522df, clickElement {id=7f93110a-6d3f-4b62-90db-451847d2c746}]
Capabilities {acceptInsecureCerts: false, browserName: chrome, browserVersion: 108.0.5359.125, chrome: {chromedriverVersion: 108.0.5359.22 (ec46c90f5938..., userDataDir: C:\Users\ishaa\AppData\Loca...}, goog:chromeOptions: {debuggerAddress: localhost:61817}, networkConnectionEnabled: false, pageLoadStrategy: normal, platformName: WINDOWS, proxy: Proxy(), se:cdp: ws://localhost:61817/devtoo..., se:cdpVersion: 108.0.5359.125, setWindowRect: true, strictFileInteractability: false, timeouts: {implicit: 0, pageLoad: 300000, script: 30000}, unhandledPromptBehavior: dismiss and notify, webauthn:extension:credBlob: true, webauthn:extension:largeBlob: true, webauthn:virtualAuthenticators: true}
Element: [[ChromeDriver: chrome on WINDOWS (de7ddb4f56486e076347e3a7e97522df)] -> xpath: //div[@data-name='card/apply-insert'][1]]
Session ID: de7ddb4f56486e076347e3a7e97522df
at sun.reflect.NativeConstructorAccessorImpl.newInstance0(Native Method)
at sun.reflect.NativeConstructorAccessorImpl.newInstance(NativeConstructorAccessorImpl.java:62)
at sun.reflect.DelegatingConstructorAccessorImpl.newInstance(DelegatingConstructorAccessorImpl.java:45)
at java.lang.reflect.Constructor.newInstance(Constructor.java:423)
at org.openqa.selenium.remote.codec.w3c.W3CHttpResponseCodec.createException(W3CHttpResponseCodec.java:200)
at org.openqa.selenium.remote.codec.w3c.W3CHttpResponseCodec.decode(W3CHttpResponseCodec.java:133)
at org.openqa.selenium.remote.codec.w3c.W3CHttpResponseCodec.decode(W3CHttpResponseCodec.java:53)
at org.openqa.selenium.remote.HttpCommandExecutor.execute(HttpCommandExecutor.java:184)
at org.openqa.selenium.remote.service.DriverCommandExecutor.invokeExecute(DriverCommandExecutor.java:167)
at org.openqa.selenium.remote.service.DriverCommandExecutor.execute(DriverCommandExecutor.java:142)
at org.openqa.selenium.remote.RemoteWebDriver.execute(RemoteWebDriver.java:569)
at org.openqa.selenium.remote.RemoteWebElement.execute(RemoteWebElement.java:257)
at org.openqa.selenium.remote.RemoteWebElement.click(RemoteWebElement.java:78)
at sun.reflect.NativeMethodAccessorImpl.invoke0(Native Method)
at sun.reflect.NativeMethodAccessorImpl.invoke(NativeMethodAccessorImpl.java:62)
at sun.reflect.DelegatingMethodAccessorImpl.invoke(DelegatingMethodAccessorImpl.java:43)
at java.lang.reflect.Method.invoke(Method.java:498)
at org.openqa.selenium.support.pagefactory.internal.LocatingElementHandler.invoke(LocatingElementHandler.java:52)
at com.sun.proxy.$Proxy14.click(Unknown Source)
at pages.DemoPage.afterClickingFrenchWord(DemoPage.java:42)
at testcases.LoginTest.GrammarlyUnsuccessfull_002(LoginTest.java:61)
at sun.reflect.NativeMethodAccessorImpl.invoke0(Native Method)
at sun.reflect.NativeMethodAccessorImpl.invoke(NativeMethodAccessorImpl.java:62)
at sun.reflect.DelegatingMethodAccessorImpl.invoke(DelegatingMethodAccessorImpl.java:43)
at java.lang.reflect.Method.invoke(Method.java:498)
at org.testng.internal.invokers.MethodInvocationHelper.invokeMethod(MethodInvocationHelper.java:135)
at org.testng.internal.invokers.TestInvoker.invokeMethod(TestInvoker.java:673)
at org.testng.internal.invokers.TestInvoker.invokeTestMethod(TestInvoker.java:220)
at org.testng.internal.invokers.MethodRunner.runInSequence(MethodRunner.java:50)
at org.testng.internal.invokers.TestInvoker$MethodInvocationAgent.invoke(TestInvoker.java:945)
at org.testng.internal.invokers.TestInvoker.invokeTestMethods(TestInvoker.java:193)
at org.testng.internal.invokers.TestMethodWorker.invokeTestMethods(TestMethodWorker.java:146)
at org.testng.internal.invokers.TestMethodWorker.run(TestMethodWorker.java:128)
at java.util.ArrayList.forEach(ArrayList.java:1257)
at org.testng.TestRunner.privateRun(TestRunner.java:808)
at org.testng.TestRunner.run(TestRunner.java:603)
at org.testng.SuiteRunner.runTest(SuiteRunner.java:429)
at org.testng.SuiteRunner.runSequentially(SuiteRunner.java:423)
at org.testng.SuiteRunner.privateRun(SuiteRunner.java:383)
at org.testng.SuiteRunner.run(SuiteRunner.java:326)
at org.testng.SuiteRunnerWorker.runSuite(SuiteRunnerWorker.java:52)
at org.testng.SuiteRunnerWorker.run(SuiteRunnerWorker.java:95)
at org.testng.TestNG.runSuitesSequentially(TestNG.java:1249)
at org.testng.TestNG.runSuitesLocally(TestNG.java:1169)
at org.testng.TestNG.runSuites(TestNG.java:1092)
at org.testng.TestNG.run(TestNG.java:1060)
at org.testng.remote.AbstractRemoteTestNG.run(AbstractRemoteTestNG.java:115)
at org.testng.remote.RemoteTestNG.initAndRun(RemoteTestNG.java:251)
at org.testng.remote.RemoteTestNG.main(RemoteTestNG.java:77)
]]>
            </full-stacktrace>
          </exception> <!-- org.openqa.selenium.ElementClickInterceptedException -->
          <reporter-output>
          </reporter-output>
        </test-method> <!-- GrammarlyUnsuccessfull_002 -->
        <test-method status="PASS" signature="afterMethod()[pri:0, instance:testcases.LoginTest@11758f2a]" name="afterMethod" is-config="true" duration-ms="892" started-at="2023-01-04T13:59:00 EST" finished-at="2023-01-04T13:59:01 EST">
          <reporter-output>
          </reporter-output>
        </test-method> <!-- afterMethod -->
      </class> <!-- testcases.LoginTest -->
    </test> <!-- Default test -->
  </suite> <!-- Default suite -->
</testng-results>
